[0.353s] DEBUG:colcon:Command line arguments: ['/usr/bin/colcon', 'build', '--packages-select', 'depth_subscriber', '--symlink-install']
[0.353s] DEBUG:colcon:Parsed command line arguments: Namespace(ament_cmake_args=None, base_paths=['.'], build_base='build', catkin_cmake_args=None, catkin_skip_building_tests=False, cmake_args=None, cmake_clean_cache=False, cmake_clean_first=False, cmake_force_configure=False, cmake_target=None, cmake_target_skip_unavailable=False, continue_on_error=False, event_handlers=None, executor='parallel', ignore_user_meta=False, install_base='install', log_base=None, log_level=None, main=<bound method BuildVerb.main of <colcon_core.verb.build.BuildVerb object at 0x7f51adf7fa90>>, merge_install=False, metas=['./colcon.meta'], packages_above=None, packages_above_and_dependencies=None, packages_above_depth=None, packages_end=None, packages_ignore=None, packages_ignore_regex=None, packages_select=['depth_subscriber'], packages_select_build_failed=False, packages_select_by_dep=None, packages_select_regex=None, packages_select_test_failures=False, packages_skip=None, packages_skip_build_finished=False, packages_skip_by_dep=None, packages_skip_regex=None, packages_skip_test_passed=False, packages_skip_up_to=None, packages_start=None, packages_up_to=None, packages_up_to_regex=None, parallel_workers=12, paths=None, symlink_install=True, test_result_base=None, verb_extension=<colcon_core.verb.build.BuildVerb object at 0x7f51adf7fa90>, verb_name='build', verb_parser=<colcon_defaults.argument_parser.defaults.DefaultArgumentsDecorator object at 0x7f51ad582370>)
[0.359s] Level 1:colcon.colcon_core.package_discovery:discover_packages(colcon_meta) check parameters
[0.359s] Level 1:colcon.colcon_core.package_discovery:discover_packages(recursive) check parameters
[0.359s] Level 1:colcon.colcon_core.package_discovery:discover_packages(ignore) check parameters
[0.359s] Level 1:colcon.colcon_core.package_discovery:discover_packages(path) check parameters
[0.359s] Level 1:colcon.colcon_core.package_discovery:discover_packages(colcon_meta) discover
[0.359s] Level 1:colcon.colcon_core.package_discovery:discover_packages(recursive) discover
[0.359s] INFO:colcon.colcon_core.package_discovery:Crawling recursively for packages in '/data/drame/openpifpaf1.3/openpifpaf/ROS2'
[0.359s] Level 1:colcon.colcon_core.package_identification:_identify(.) by extensions ['ignore', 'ignore_ament_install']
[0.359s] Level 1:colcon.colcon_core.package_identification:_identify(.) by extension 'ignore'
[0.359s] Level 1:colcon.colcon_core.package_identification:_identify(.) by extension 'ignore_ament_install'
[0.359s] Level 1:colcon.colcon_core.package_identification:_identify(.) by extensions ['colcon_pkg']
[0.359s] Level 1:colcon.colcon_core.package_identification:_identify(.) by extension 'colcon_pkg'
[0.359s] Level 1:colcon.colcon_core.package_identification:_identify(.) by extensions ['colcon_meta']
[0.359s] Level 1:colcon.colcon_core.package_identification:_identify(.) by extension 'colcon_meta'
[0.360s] Level 1:colcon.colcon_core.package_identification:_identify(.) by extensions ['ros']
[0.360s] Level 1:colcon.colcon_core.package_identification:_identify(.) by extension 'ros'
[0.369s] Level 1:colcon.colcon_core.package_identification:_identify(.) by extensions ['cmake', 'python']
[0.369s] Level 1:colcon.colcon_core.package_identification:_identify(.) by extension 'cmake'
[0.369s] Level 1:colcon.colcon_core.package_identification:_identify(.) by extension 'python'
[0.369s] Level 1:colcon.colcon_core.package_identification:_identify(.) by extensions ['python_setup_py']
[0.369s] Level 1:colcon.colcon_core.package_identification:_identify(.) by extension 'python_setup_py'
[0.369s] Level 1:colcon.colcon_core.package_identification:_identify(build) by extensions ['ignore', 'ignore_ament_install']
[0.369s] Level 1:colcon.colcon_core.package_identification:_identify(build) by extension 'ignore'
[0.369s] Level 1:colcon.colcon_core.package_identification:_identify(build) ignored
[0.369s] Level 1:colcon.colcon_core.package_identification:_identify(depth_subscriber) by extensions ['ignore', 'ignore_ament_install']
[0.369s] Level 1:colcon.colcon_core.package_identification:_identify(depth_subscriber) by extension 'ignore'
[0.369s] Level 1:colcon.colcon_core.package_identification:_identify(depth_subscriber) by extension 'ignore_ament_install'
[0.369s] Level 1:colcon.colcon_core.package_identification:_identify(depth_subscriber) by extensions ['colcon_pkg']
[0.369s] Level 1:colcon.colcon_core.package_identification:_identify(depth_subscriber) by extension 'colcon_pkg'
[0.369s] Level 1:colcon.colcon_core.package_identification:_identify(depth_subscriber) by extensions ['colcon_meta']
[0.369s] Level 1:colcon.colcon_core.package_identification:_identify(depth_subscriber) by extension 'colcon_meta'
[0.369s] Level 1:colcon.colcon_core.package_identification:_identify(depth_subscriber) by extensions ['ros']
[0.369s] Level 1:colcon.colcon_core.package_identification:_identify(depth_subscriber) by extension 'ros'
[0.372s] DEBUG:colcon.colcon_core.package_identification:Package 'depth_subscriber' with type 'ros.ament_python' and name 'depth_subscriber'
[0.372s] Level 1:colcon.colcon_core.package_identification:_identify(install) by extensions ['ignore', 'ignore_ament_install']
[0.372s] Level 1:colcon.colcon_core.package_identification:_identify(install) by extension 'ignore'
[0.372s] Level 1:colcon.colcon_core.package_identification:_identify(install) ignored
[0.372s] Level 1:colcon.colcon_core.package_identification:_identify(log) by extensions ['ignore', 'ignore_ament_install']
[0.372s] Level 1:colcon.colcon_core.package_identification:_identify(log) by extension 'ignore'
[0.372s] Level 1:colcon.colcon_core.package_identification:_identify(log) ignored
[0.372s] Level 1:colcon.colcon_core.package_discovery:discover_packages(recursive) using defaults
[0.372s] Level 1:colcon.colcon_core.package_discovery:discover_packages(ignore) discover
[0.372s] Level 1:colcon.colcon_core.package_discovery:discover_packages(ignore) using defaults
[0.372s] Level 1:colcon.colcon_core.package_discovery:discover_packages(path) discover
[0.372s] Level 1:colcon.colcon_core.package_discovery:discover_packages(path) using defaults
[0.391s] Level 5:colcon.colcon_core.verb:set package 'depth_subscriber' build argument 'cmake_args' from command line to 'None'
[0.391s] Level 5:colcon.colcon_core.verb:set package 'depth_subscriber' build argument 'cmake_target' from command line to 'None'
[0.391s] Level 5:colcon.colcon_core.verb:set package 'depth_subscriber' build argument 'cmake_target_skip_unavailable' from command line to 'False'
[0.391s] Level 5:colcon.colcon_core.verb:set package 'depth_subscriber' build argument 'cmake_clean_cache' from command line to 'False'
[0.391s] Level 5:colcon.colcon_core.verb:set package 'depth_subscriber' build argument 'cmake_clean_first' from command line to 'False'
[0.391s] Level 5:colcon.colcon_core.verb:set package 'depth_subscriber' build argument 'cmake_force_configure' from command line to 'False'
[0.391s] Level 5:colcon.colcon_core.verb:set package 'depth_subscriber' build argument 'ament_cmake_args' from command line to 'None'
[0.391s] Level 5:colcon.colcon_core.verb:set package 'depth_subscriber' build argument 'catkin_cmake_args' from command line to 'None'
[0.391s] Level 5:colcon.colcon_core.verb:set package 'depth_subscriber' build argument 'catkin_skip_building_tests' from command line to 'False'
[0.391s] DEBUG:colcon.colcon_core.verb:Building package 'depth_subscriber' with the following arguments: {'ament_cmake_args': None, 'build_base': '/data/drame/openpifpaf1.3/openpifpaf/ROS2/build/depth_subscriber', 'catkin_cmake_args': None, 'catkin_skip_building_tests': False, 'cmake_args': None, 'cmake_clean_cache': False, 'cmake_clean_first': False, 'cmake_force_configure': False, 'cmake_target': None, 'cmake_target_skip_unavailable': False, 'install_base': '/data/drame/openpifpaf1.3/openpifpaf/ROS2/install/depth_subscriber', 'merge_install': False, 'path': '/data/drame/openpifpaf1.3/openpifpaf/ROS2/depth_subscriber', 'symlink_install': True, 'test_result_base': None}
[0.391s] INFO:colcon.colcon_core.executor:Executing jobs using 'parallel' executor
[0.393s] DEBUG:colcon.colcon_parallel_executor.executor.parallel:run_until_complete
[0.393s] INFO:colcon.colcon_ros.task.ament_python.build:Building ROS package in '/data/drame/openpifpaf1.3/openpifpaf/ROS2/depth_subscriber' with build type 'ament_python'
[0.393s] Level 1:colcon.colcon_core.shell:create_environment_hook('depth_subscriber', 'ament_prefix_path')
[0.397s] INFO:colcon.colcon_core.plugin_system:Skipping extension 'colcon_core.shell.bat': Not used on non-Windows systems
[0.397s] INFO:colcon.colcon_core.shell:Creating environment hook '/data/drame/openpifpaf1.3/openpifpaf/ROS2/install/depth_subscriber/share/depth_subscriber/hook/ament_prefix_path.ps1'
[0.398s] INFO:colcon.colcon_core.shell:Creating environment descriptor '/data/drame/openpifpaf1.3/openpifpaf/ROS2/install/depth_subscriber/share/depth_subscriber/hook/ament_prefix_path.dsv'
[0.398s] INFO:colcon.colcon_core.shell:Creating environment hook '/data/drame/openpifpaf1.3/openpifpaf/ROS2/install/depth_subscriber/share/depth_subscriber/hook/ament_prefix_path.sh'
[0.399s] INFO:colcon.colcon_core.shell:Skip shell extension 'powershell' for command environment: Not usable outside of PowerShell
[0.399s] DEBUG:colcon.colcon_core.shell:Skip shell extension 'dsv' for command environment
[0.401s] DEBUG:colcon.colcon_core.shell:Ignoring prefix path '/opt/ros/foxy'
[0.650s] INFO:colcon.colcon_core.task.python.build:Building Python package in '/data/drame/openpifpaf1.3/openpifpaf/ROS2/depth_subscriber'
[0.650s] INFO:colcon.colcon_core.shell:Skip shell extension 'powershell' for command environment: Not usable outside of PowerShell
[0.650s] DEBUG:colcon.colcon_core.shell:Skip shell extension 'dsv' for command environment
[0.652s] DEBUG:colcon.colcon_core.shell:Ignoring prefix path '/opt/ros/foxy'
[0.656s] DEBUG:colcon.colcon_core.event_handler.log_command:Invoking command in '/data/drame/openpifpaf1.3/openpifpaf/ROS2/build/depth_subscriber': PS1=(VENV_open) \[\e]0;\u@\h: \w\a\]${debian_chroot:+($debian_chroot)}\[\033[01;32m\]\u@\h\[\033[00m\]:\[\033[01;34m\]\w\[\033[00m\]\$ PYTHONPATH=/data/drame/openpifpaf1.3/openpifpaf/ROS2/install/depth_subscriber/lib/python3.8/site-packages:${PYTHONPATH} /usr/bin/python3 setup.py develop --prefix /data/drame/openpifpaf1.3/openpifpaf/ROS2/install/depth_subscriber --editable --build-directory /data/drame/openpifpaf1.3/openpifpaf/ROS2/build/depth_subscriber/build --no-deps install_data --install-dir /data/drame/openpifpaf1.3/openpifpaf/ROS2/install/depth_subscriber
[2.288s] Level 1:colcon.colcon_core.shell:create_environment_hook('depth_subscriber', 'pythonpath_develop')
[2.289s] INFO:colcon.colcon_core.shell:Creating environment hook '/data/drame/openpifpaf1.3/openpifpaf/ROS2/build/depth_subscriber/share/depth_subscriber/hook/pythonpath_develop.ps1'
[2.290s] DEBUG:colcon.colcon_core.event_handler.log_command:Invoked command in '/data/drame/openpifpaf1.3/openpifpaf/ROS2/build/depth_subscriber' returned '0': PS1=(VENV_open) \[\e]0;\u@\h: \w\a\]${debian_chroot:+($debian_chroot)}\[\033[01;32m\]\u@\h\[\033[00m\]:\[\033[01;34m\]\w\[\033[00m\]\$ PYTHONPATH=/data/drame/openpifpaf1.3/openpifpaf/ROS2/install/depth_subscriber/lib/python3.8/site-packages:${PYTHONPATH} /usr/bin/python3 setup.py develop --prefix /data/drame/openpifpaf1.3/openpifpaf/ROS2/install/depth_subscriber --editable --build-directory /data/drame/openpifpaf1.3/openpifpaf/ROS2/build/depth_subscriber/build --no-deps install_data --install-dir /data/drame/openpifpaf1.3/openpifpaf/ROS2/install/depth_subscriber
[2.290s] INFO:colcon.colcon_core.shell:Creating environment descriptor '/data/drame/openpifpaf1.3/openpifpaf/ROS2/build/depth_subscriber/share/depth_subscriber/hook/pythonpath_develop.dsv'
[2.290s] INFO:colcon.colcon_core.shell:Creating environment hook '/data/drame/openpifpaf1.3/openpifpaf/ROS2/build/depth_subscriber/share/depth_subscriber/hook/pythonpath_develop.sh'
[2.294s] Level 1:colcon.colcon_core.environment:checking '/data/drame/openpifpaf1.3/openpifpaf/ROS2/install/depth_subscriber' for CMake module files
[2.294s] Level 1:colcon.colcon_core.environment:checking '/data/drame/openpifpaf1.3/openpifpaf/ROS2/install/depth_subscriber' for CMake config files
[2.295s] Level 1:colcon.colcon_core.environment:checking '/data/drame/openpifpaf1.3/openpifpaf/ROS2/install/depth_subscriber/lib'
[2.295s] Level 1:colcon.colcon_core.environment:checking '/data/drame/openpifpaf1.3/openpifpaf/ROS2/install/depth_subscriber/bin'
[2.295s] Level 1:colcon.colcon_core.environment:checking '/data/drame/openpifpaf1.3/openpifpaf/ROS2/install/depth_subscriber/lib/pkgconfig/depth_subscriber.pc'
[2.295s] Level 1:colcon.colcon_core.environment:checking '/data/drame/openpifpaf1.3/openpifpaf/ROS2/install/depth_subscriber/lib/python3.8/site-packages'
[2.295s] Level 1:colcon.colcon_core.shell:create_environment_hook('depth_subscriber', 'pythonpath')
[2.296s] INFO:colcon.colcon_core.shell:Creating environment hook '/data/drame/openpifpaf1.3/openpifpaf/ROS2/install/depth_subscriber/share/depth_subscriber/hook/pythonpath.ps1'
[2.296s] INFO:colcon.colcon_core.shell:Creating environment descriptor '/data/drame/openpifpaf1.3/openpifpaf/ROS2/install/depth_subscriber/share/depth_subscriber/hook/pythonpath.dsv'
[2.296s] INFO:colcon.colcon_core.shell:Creating environment hook '/data/drame/openpifpaf1.3/openpifpaf/ROS2/install/depth_subscriber/share/depth_subscriber/hook/pythonpath.sh'
[2.296s] Level 1:colcon.colcon_core.environment:create_environment_scripts_only(depth_subscriber)
[2.297s] INFO:colcon.colcon_core.shell:Creating package script '/data/drame/openpifpaf1.3/openpifpaf/ROS2/install/depth_subscriber/share/depth_subscriber/package.ps1'
[2.297s] INFO:colcon.colcon_core.shell:Creating package descriptor '/data/drame/openpifpaf1.3/openpifpaf/ROS2/install/depth_subscriber/share/depth_subscriber/package.dsv'
[2.298s] INFO:colcon.colcon_core.shell:Creating package script '/data/drame/openpifpaf1.3/openpifpaf/ROS2/install/depth_subscriber/share/depth_subscriber/package.sh'
[2.299s] INFO:colcon.colcon_core.shell:Creating package script '/data/drame/openpifpaf1.3/openpifpaf/ROS2/install/depth_subscriber/share/depth_subscriber/package.bash'
[2.299s] INFO:colcon.colcon_core.shell:Creating package script '/data/drame/openpifpaf1.3/openpifpaf/ROS2/install/depth_subscriber/share/depth_subscriber/package.zsh'
[2.300s] Level 1:colcon.colcon_core.environment:create_file_with_runtime_dependencies(/data/drame/openpifpaf1.3/openpifpaf/ROS2/install/depth_subscriber/share/colcon-core/packages/depth_subscriber)
[2.300s] DEBUG:colcon.colcon_parallel_executor.executor.parallel:closing loop
[2.300s] DEBUG:colcon.colcon_parallel_executor.executor.parallel:loop closed
[2.300s] DEBUG:colcon.colcon_parallel_executor.executor.parallel:run_until_complete finished with '0'
[2.300s] DEBUG:colcon.colcon_core.event_reactor:joining thread
[2.308s] INFO:colcon.colcon_core.plugin_system:Skipping extension 'colcon_notification.desktop_notification.terminal_notifier': Not used on non-Darwin systems
[2.309s] INFO:colcon.colcon_core.plugin_system:Skipping extension 'colcon_notification.desktop_notification.win32': Not used on non-Windows systems
[2.309s] INFO:colcon.colcon_notification.desktop_notification:Sending desktop notification using 'notify2'
[2.320s] DEBUG:colcon.colcon_core.event_reactor:joined thread
[2.321s] INFO:colcon.colcon_core.shell:Creating prefix script '/data/drame/openpifpaf1.3/openpifpaf/ROS2/install/local_setup.ps1'
[2.322s] INFO:colcon.colcon_core.shell:Creating prefix util module '/data/drame/openpifpaf1.3/openpifpaf/ROS2/install/_local_setup_util_ps1.py'
[2.323s] INFO:colcon.colcon_core.shell:Creating prefix chain script '/data/drame/openpifpaf1.3/openpifpaf/ROS2/install/setup.ps1'
[2.325s] INFO:colcon.colcon_core.shell:Creating prefix script '/data/drame/openpifpaf1.3/openpifpaf/ROS2/install/local_setup.sh'
[2.325s] INFO:colcon.colcon_core.shell:Creating prefix util module '/data/drame/openpifpaf1.3/openpifpaf/ROS2/install/_local_setup_util_sh.py'
[2.326s] INFO:colcon.colcon_core.shell:Creating prefix chain script '/data/drame/openpifpaf1.3/openpifpaf/ROS2/install/setup.sh'
[2.328s] INFO:colcon.colcon_core.shell:Creating prefix script '/data/drame/openpifpaf1.3/openpifpaf/ROS2/install/local_setup.bash'
[2.328s] INFO:colcon.colcon_core.shell:Creating prefix chain script '/data/drame/openpifpaf1.3/openpifpaf/ROS2/install/setup.bash'
[2.331s] INFO:colcon.colcon_core.shell:Creating prefix script '/data/drame/openpifpaf1.3/openpifpaf/ROS2/install/local_setup.zsh'
[2.331s] INFO:colcon.colcon_core.shell:Creating prefix chain script '/data/drame/openpifpaf1.3/openpifpaf/ROS2/install/setup.zsh'
